Arguments: 
  E:\软件\nodejs\node.exe C:\Users\Administrator\AppData\Roaming\npm\node_modules\yarn\bin\yarn.js install

PATH: 
  C:\Windows\system32;C:\Windows;C:\Windows\System32\Wbem;C:\Windows\System32\WindowsPowerShell\v1.0\;C:\Windows\System32\OpenSSH\;E:\软件\Git\cmd;E:\软件\TortoiseSVN\bin;E:\软件\nodejs\;E:\mysql\bin;E:\Program Files\Redis\;E:\Program Files\Redis;E:\python\Scripts\;E:\python\;C:\Users\Administrator\AppData\Local\Microsoft\WindowsApps;;E:\软件\Microsoft VS Code\bin;C:\Users\Administrator\AppData\Roaming\npm;e:\JetBrains\PyCharm 2021.3.2\bin;

Yarn version: 
  1.22.10

Node version: 
  14.15.1

Platform: 
  win32 x64

Trace: 
  Error: connect ETIMEDOUT 104.16.21.35:443
      at TCPConnectWrap.afterConnect [as oncomplete] (net.js:1146:16)

npm manifest: 
  {
    "name": "FunStuff-serve",
    "version": "1.0.0",
    "description": "",
    "main": "index.js",
    "scripts": {
      "test": "echo \"Error: no test specified\" && exit 1",
      "dev": "cross-env NODE_ENV=dev nodemon ./bin/www.js",
      "prd": "cross-env NODE_ENV=production nodemon ./bin/www/js"
    },
    "repository": {
      "type": "git",
      "url": "git+https://github.com/uustoboy/FunStuff-serve.git"
    },
    "keywords": [],
    "author": "",
    "license": "ISC",
    "bugs": {
      "url": "https://github.com/uustoboy/FunStuff-serve/issues"
    },
    "homepage": "https://github.com/uustoboy/FunStuff-serve#readme",
    "dependencies": {
      "cross-env": "^7.0.3",
      "mysql": "^2.18.1",
      "nodemon": "^2.0.16"
    }
  }

yarn manifest: 
  No manifest

Lockfile: 
  No lockfile
